[ 2015-02-05T00:49:42+08:00 ] 0.0.0.0 /Web/
INFO: [ app_begin ] --START--
INFO: ReadHtmlCache Behavior ::run [ RunTime:0.002075s ]
INFO: [ app_begin ] --END-- [ RunTime:0.002165s ]
INFO: [ view_parse ] --START--
INFO: ParseTemplate Behavior ::run [ RunTime:0.024758s ]
INFO: [ view_parse ] --END-- [ RunTime:0.024837s ]
INFO: [ view_filter ] --START--
INFO: ContentReplace Behavior ::run [ RunTime:0.001948s ]
INFO: TokenBuild Behavior ::run [ RunTime:0.001909s ]
INFO: WriteHtmlCache Behavior ::run [ RunTime:0.001803s ]
INFO: ShowRuntime Behavior ::run [ RunTime:0.001950s ]
INFO: [ view_filter ] --END-- [ RunTime:0.007762s ]
INFO: [ view_end ] --START--
INFO: ShowPageTrace Behavior ::run [ RunTime:0.003133s ]
INFO: [ view_end ] --END-- [ RunTime:0.003222s ]

[ 2015-02-05T00:53:15+08:00 ] 0.0.0.0 /Web/
INFO: [ app_begin ] --START--
INFO: ReadHtmlCache Behavior ::run [ RunTime:0.002610s ]
INFO: [ app_begin ] --END-- [ RunTime:0.002701s ]
INFO: [ view_parse ] --START--
INFO: ParseTemplate Behavior ::run [ RunTime:0.025063s ]
INFO: [ view_parse ] --END-- [ RunTime:0.025140s ]
INFO: [ view_filter ] --START--
INFO: ContentReplace Behavior ::run [ RunTime:0.001964s ]
INFO: TokenBuild Behavior ::run [ RunTime:0.001888s ]
INFO: WriteHtmlCache Behavior ::run [ RunTime:0.001977s ]
INFO: ShowRuntime Behavior ::run [ RunTime:0.001917s ]
INFO: [ view_filter ] --END-- [ RunTime:0.007917s ]
INFO: [ view_end ] --START--
INFO: ShowPageTrace Behavior ::run [ RunTime:0.002359s ]
INFO: [ view_end ] --END-- [ RunTime:0.002440s ]

