[ 2014-12-27T10:56:08+08:00 ] 0.0.0.0 /Laundry/laundry.php/
ERR: 无法加载模块:Index

[ 2014-12-27T10:56:12+08:00 ] 0.0.0.0 /Laundry/laundry.php/
ERR: 无法加载模块:Index

[ 2014-12-27T10:58:07+08:00 ] 0.0.0.0 /Laundry/laundry.php/tree_data1.json
INFO: [ app_begin ] --START--
INFO: ReadHtmlCache Behavior ::run [ RunTime:0.002003s ]
INFO: [ app_begin ] --END-- [ RunTime:0.002072s ]
NOTIC: [8] Undefined variable: group D:\xampps\htdocs\Laundry\ThinkPHP\Lib\Core\App.class.php 第 102 行.
ERR: 无法加载模块:tree_data1.json

[ 2014-12-27T10:58:07+08:00 ] 0.0.0.0 /Laundry/laundry.php/tree_data1.json
INFO: [ app_begin ] --START--
INFO: ReadHtmlCache Behavior ::run [ RunTime:0.002398s ]
INFO: [ app_begin ] --END-- [ RunTime:0.002488s ]
NOTIC: [8] Undefined variable: group D:\xampps\htdocs\Laundry\ThinkPHP\Lib\Core\App.class.php 第 102 行.
ERR: 无法加载模块:tree_data1.json

[ 2014-12-27T10:58:23+08:00 ] 0.0.0.0 /Laundry/laundry.php/index.html
ERR: 无法加载模块:index

[ 2014-12-27T10:58:29+08:00 ] 0.0.0.0 /Laundry/laundry.php/tree_data1.json
INFO: [ app_begin ] --START--
INFO: ReadHtmlCache Behavior ::run [ RunTime:0.001962s ]
INFO: [ app_begin ] --END-- [ RunTime:0.002029s ]
NOTIC: [8] Undefined variable: group D:\xampps\htdocs\Laundry\ThinkPHP\Lib\Core\App.class.php 第 102 行.
ERR: 无法加载模块:tree_data1.json

[ 2014-12-27T10:58:30+08:00 ] 0.0.0.0 /Laundry/laundry.php/tree_data1.json
INFO: [ app_begin ] --START--
INFO: ReadHtmlCache Behavior ::run [ RunTime:0.002477s ]
INFO: [ app_begin ] --END-- [ RunTime:0.002551s ]
NOTIC: [8] Undefined variable: group D:\xampps\htdocs\Laundry\ThinkPHP\Lib\Core\App.class.php 第 102 行.
ERR: 无法加载模块:tree_data1.json

[ 2014-12-27T17:17:10+08:00 ] 0.0.0.0 /Laundry/laundry.php/tree_data1.json
INFO: [ app_begin ] --START--
INFO: ReadHtmlCache Behavior ::run [ RunTime:0.001949s ]
INFO: [ app_begin ] --END-- [ RunTime:0.002011s ]
NOTIC: [8] Undefined variable: group D:\xampps\htdocs\Laundry\ThinkPHP\Lib\Core\App.class.php 第 102 行.
ERR: 无法加载模块:tree_data1.json

[ 2014-12-27T17:17:10+08:00 ] 0.0.0.0 /Laundry/laundry.php/tree_data1.json
INFO: [ app_begin ] --START--
INFO: ReadHtmlCache Behavior ::run [ RunTime:0.002789s ]
INFO: [ app_begin ] --END-- [ RunTime:0.002887s ]
NOTIC: [8] Undefined variable: group D:\xampps\htdocs\Laundry\ThinkPHP\Lib\Core\App.class.php 第 102 行.
ERR: 无法加载模块:tree_data1.json

[ 2014-12-27T17:17:12+08:00 ] 0.0.0.0 /Laundry/laundry.php/tree_data1.json
INFO: [ app_begin ] --START--
INFO: ReadHtmlCache Behavior ::run [ RunTime:0.001976s ]
INFO: [ app_begin ] --END-- [ RunTime:0.002046s ]
NOTIC: [8] Undefined variable: group D:\xampps\htdocs\Laundry\ThinkPHP\Lib\Core\App.class.php 第 102 行.
ERR: 无法加载模块:tree_data1.json

[ 2014-12-27T17:17:12+08:00 ] 0.0.0.0 /Laundry/laundry.php/tree_data1.json
INFO: [ app_begin ] --START--
INFO: ReadHtmlCache Behavior ::run [ RunTime:0.002020s ]
INFO: [ app_begin ] --END-- [ RunTime:0.002089s ]
NOTIC: [8] Undefined variable: group D:\xampps\htdocs\Laundry\ThinkPHP\Lib\Core\App.class.php 第 102 行.
ERR: 无法加载模块:tree_data1.json

