[ 2014-12-27T10:59:33+08:00 ] 0.0.0.0 /Laundry/
INFO: [ app_begin ] --START--
INFO: ReadHtmlCache Behavior ::run [ RunTime:0.001988s ]
INFO: [ app_begin ] --END-- [ RunTime:0.002069s ]
INFO: [ view_parse ] --START--
NOTIC: [2] is_file() [<a href='function.is-file'>function.is-file</a>]: open_basedir restriction in effect. File(&lt;style type=&quot;text/css&quot;&gt;*{ padding: 0; margin: 0; } div{ padding: 4px 48px;} body{ background: #fff; font-family: &quot;微软雅黑&quot;; color: #333;} h1{ font-size: 100px; font-weight: normal; margin-bottom: 12px; } p{ line-height: 1.8em; font-size: 36px }&lt;/style&gt;&lt;div style=&quot;padding: 24px 48px;&quot;&gt; &lt;h1&gt;:)&lt;/h1&gt;&lt;p&gt;欢迎使用 &lt;b&gt;ThinkPHP&lt;/b&gt;！&lt;/p&gt;&lt;/div&gt;&lt;script type=&quot;text/javascript&quot; src=&quot;http://tajs.qq.com/stats?sId=9347272&quot; charset=&quot;UTF-8&quot;&gt;&lt;/script&gt;) is not within the allowed path(s): (D:/xampps/) D:\xampps\htdocs\Laundry\ThinkPHP\Lib\Template\ThinkTemplate.class.php 第 96 行.
INFO: ParseTemplate Behavior ::run [ RunTime:0.013873s ]
INFO: [ view_parse ] --END-- [ RunTime:0.013940s ]
INFO: [ view_filter ] --START--
NOTIC: [8] Use of undefined constant APP_TMPL_PATH - assumed 'APP_TMPL_PATH' D:\xampps\htdocs\Laundry\ThinkPHP\Lib\Behavior\ContentReplaceBehavior.class.php 第 40 行.
NOTIC: [8] Use of undefined constant APP_TMPL_PATH - assumed 'APP_TMPL_PATH' D:\xampps\htdocs\Laundry\ThinkPHP\Lib\Behavior\ContentReplaceBehavior.class.php 第 47 行.
INFO: ContentReplace Behavior ::run [ RunTime:0.001795s ]
INFO: TokenBuild Behavior ::run [ RunTime:0.001785s ]
INFO: WriteHtmlCache Behavior ::run [ RunTime:0.001719s ]
INFO: ShowRuntime Behavior ::run [ RunTime:0.001874s ]
INFO: [ view_filter ] --END-- [ RunTime:0.007315s ]
INFO: [ view_end ] --START--
INFO: ShowPageTrace Behavior ::run [ RunTime:0.001955s ]
INFO: [ view_end ] --END-- [ RunTime:0.002003s ]

[ 2014-12-27T15:21:33+08:00 ] ERR: the url is /Laundry/index.php/Index/login
[ 2014-12-27T15:21:33+08:00 ] ERR: request is {"type":"WEB","obj":{"user_name":"admin","password":"1234"}}
[ 2014-12-27T15:21:33+08:00 ] 0.0.0.0 /Laundry/index.php/Index/login
INFO: [ app_begin ] --START--
INFO: ReadHtmlCache Behavior ::run [ RunTime:0.002005s ]
INFO: [ app_begin ] --END-- [ RunTime:0.002065s ]

[ 2014-12-27T15:38:16+08:00 ] ERR: the url is /Laundry/index.php/Index/login
[ 2014-12-27T15:38:16+08:00 ] ERR: request is {"type":"WEB","obj":{"user_name":"admin","password":"1234"}}
[ 2014-12-27T15:38:16+08:00 ] 0.0.0.0 /Laundry/index.php/Index/login
INFO: [ app_begin ] --START--
INFO: ReadHtmlCache Behavior ::run [ RunTime:0.001947s ]
INFO: [ app_begin ] --END-- [ RunTime:0.002008s ]

[ 2014-12-27T15:40:53+08:00 ] INFO: OK
[ 2014-12-27T15:40:53+08:00 ] ERR: the url is /Laundry/index.php/Index/login
[ 2014-12-27T15:40:53+08:00 ] ERR: request is {"type":"WEB","obj":{"user_name":"","password":""}}
[ 2014-12-27T15:40:53+08:00 ] 0.0.0.0 /Laundry/index.php/Index/login
INFO: [ app_begin ] --START--
INFO: ReadHtmlCache Behavior ::run [ RunTime:0.001963s ]
INFO: [ app_begin ] --END-- [ RunTime:0.002023s ]

[ 2014-12-27T15:41:38+08:00 ] ERR: the url is /Laundry/index.php/Index/login
[ 2014-12-27T15:41:38+08:00 ] ERR: request is {"type":"WEB","obj":{"user_name":"","password":""}}
[ 2014-12-27T15:41:38+08:00 ] 0.0.0.0 /Laundry/index.php/Index/login
INFO: [ app_begin ] --START--
INFO: ReadHtmlCache Behavior ::run [ RunTime:0.001956s ]
INFO: [ app_begin ] --END-- [ RunTime:0.002013s ]

[ 2014-12-27T15:42:31+08:00 ] ERR: the url is /Laundry/index.php/Index/login
[ 2014-12-27T15:42:31+08:00 ] ERR: request is {"type":"WEB","obj":{"user_name":"","password":""}}
[ 2014-12-27T15:42:31+08:00 ] 0.0.0.0 /Laundry/index.php/Index/login
INFO: [ app_begin ] --START--
INFO: ReadHtmlCache Behavior ::run [ RunTime:0.002018s ]
INFO: [ app_begin ] --END-- [ RunTime:0.002077s ]

[ 2014-12-27T15:44:26+08:00 ] ERR: the url is /Laundry/index.php/Index/login
[ 2014-12-27T15:44:26+08:00 ] ERR: request is {"type":"WEB","obj":{"user_name":"","password":""}}
[ 2014-12-27T15:44:26+08:00 ] 0.0.0.0 /Laundry/index.php/Index/login
INFO: [ app_begin ] --START--
INFO: ReadHtmlCache Behavior ::run [ RunTime:0.001993s ]
INFO: [ app_begin ] --END-- [ RunTime:0.002058s ]

[ 2014-12-27T15:45:31+08:00 ] ERR: the url is /Laundry/index.php/Index/login
[ 2014-12-27T15:45:31+08:00 ] ERR: request is {"type":"WEB","obj":{"user_name":"","password":""}}
[ 2014-12-27T15:45:31+08:00 ] INFO: OKp
[ 2014-12-27T15:45:31+08:00 ] INFO: OK
[ 2014-12-27T15:45:31+08:00 ] 0.0.0.0 /Laundry/index.php/Index/login
INFO: [ app_begin ] --START--
INFO: ReadHtmlCache Behavior ::run [ RunTime:0.002096s ]
INFO: [ app_begin ] --END-- [ RunTime:0.002157s ]

[ 2014-12-27T15:46:11+08:00 ] ERR: the url is /Laundry/index.php/Index/login
[ 2014-12-27T15:46:11+08:00 ] ERR: request is {"type":"WEB","obj":{"user_name":"","password":""}}
[ 2014-12-27T15:46:11+08:00 ] 0.0.0.0 /Laundry/index.php/Index/login
INFO: [ app_begin ] --START--
INFO: ReadHtmlCache Behavior ::run [ RunTime:0.001981s ]
INFO: [ app_begin ] --END-- [ RunTime:0.002043s ]

[ 2014-12-27T15:47:57+08:00 ] ERR: the url is /Laundry/index.php/Index/login
[ 2014-12-27T15:47:57+08:00 ] ERR: request is {"type":"WEB","obj":{"user_name":"","password":""}}
[ 2014-12-27T15:47:57+08:00 ] 0.0.0.0 /Laundry/index.php/Index/login
INFO: [ app_begin ] --START--
INFO: ReadHtmlCache Behavior ::run [ RunTime:0.001927s ]
INFO: [ app_begin ] --END-- [ RunTime:0.001986s ]

[ 2014-12-27T15:49:40+08:00 ] ERR: the url is /Laundry/index.php/Index/login
[ 2014-12-27T15:49:40+08:00 ] ERR: request is {"type":"WEB","obj":{"user_name":"","password":""}}
[ 2014-12-27T15:49:40+08:00 ] INFO: OK
[ 2014-12-27T15:49:40+08:00 ] 0.0.0.0 /Laundry/index.php/Index/login
INFO: [ app_begin ] --START--
INFO: ReadHtmlCache Behavior ::run [ RunTime:0.001952s ]
INFO: [ app_begin ] --END-- [ RunTime:0.002009s ]
NOTIC: [8] Use of undefined constant obj - assumed 'obj' D:\xampps\htdocs\Laundry\MISP\Lib\Action\BaseAction.class.php 第 55 行.
NOTIC: [4096] Object of class stdClass could not be converted to string D:\xampps\htdocs\Laundry\MISP\Lib\Action\BaseAction.class.php 第 55 行.
NOTIC: [8] A session had already been started - ignoring session_start() D:\xampps\htdocs\Laundry\MISP\Lib\Action\IndexAction.class.php 第 18 行.

[ 2014-12-27T15:50:28+08:00 ] ERR: the url is /Laundry/index.php/Index/login
[ 2014-12-27T15:50:28+08:00 ] ERR: request is {"type":"WEB","obj":{"user_name":"","password":""}}
[ 2014-12-27T15:50:28+08:00 ] INFO: OK
[ 2014-12-27T15:50:28+08:00 ] 0.0.0.0 /Laundry/index.php/Index/login
INFO: [ app_begin ] --START--
INFO: ReadHtmlCache Behavior ::run [ RunTime:0.001943s ]
INFO: [ app_begin ] --END-- [ RunTime:0.002007s ]
NOTIC: [8] A session had already been started - ignoring session_start() D:\xampps\htdocs\Laundry\MISP\Lib\Action\IndexAction.class.php 第 18 行.

[ 2014-12-27T15:50:54+08:00 ] ERR: the url is /Laundry/index.php/Index/login
[ 2014-12-27T15:50:54+08:00 ] ERR: request is {"type":"WEB","obj":{"user_name":"","password":""}}
[ 2014-12-27T15:50:54+08:00 ] INFO: OK
[ 2014-12-27T15:50:54+08:00 ] 0.0.0.0 /Laundry/index.php/Index/login
INFO: [ app_begin ] --START--
INFO: ReadHtmlCache Behavior ::run [ RunTime:0.001965s ]
INFO: [ app_begin ] --END-- [ RunTime:0.002023s ]
NOTIC: [8] A session had already been started - ignoring session_start() D:\xampps\htdocs\Laundry\MISP\Lib\Action\IndexAction.class.php 第 18 行.

[ 2014-12-27T15:52:00+08:00 ] ERR: the url is /Laundry/index.php/Index/login
[ 2014-12-27T15:52:00+08:00 ] ERR: request is {"type":"WEB","obj":{"user_name":"","password":""}}
[ 2014-12-27T15:52:00+08:00 ] INFO: OK
[ 2014-12-27T15:52:00+08:00 ] 0.0.0.0 /Laundry/index.php/Index/login
INFO: [ app_begin ] --START--
INFO: ReadHtmlCache Behavior ::run [ RunTime:0.001874s ]
INFO: [ app_begin ] --END-- [ RunTime:0.001929s ]
NOTIC: [8] A session had already been started - ignoring session_start() D:\xampps\htdocs\Laundry\MISP\Lib\Action\IndexAction.class.php 第 18 行.

[ 2014-12-27T15:55:46+08:00 ] ERR: the url is /Laundry/index.php/Index/login
[ 2014-12-27T15:55:46+08:00 ] ERR: request is {"type":"WEB","obj":{"user_name":"","password":""}}
[ 2014-12-27T15:55:46+08:00 ] INFO: OK
[ 2014-12-27T15:55:46+08:00 ] 0.0.0.0 /Laundry/index.php/Index/login
INFO: [ app_begin ] --START--
INFO: ReadHtmlCache Behavior ::run [ RunTime:0.001977s ]
INFO: [ app_begin ] --END-- [ RunTime:0.002034s ]
NOTIC: [8] A session had already been started - ignoring session_start() D:\xampps\htdocs\Laundry\MISP\Lib\Action\IndexAction.class.php 第 17 行.

[ 2014-12-27T16:13:03+08:00 ] ERR: the url is /Laundry/index.php/Index/login
[ 2014-12-27T16:13:03+08:00 ] ERR: request is {"type":"WEB","obj":{"user_name":"","password":""}}
[ 2014-12-27T16:13:03+08:00 ] INFO: OK
[ 2014-12-27T16:13:03+08:00 ] 0.0.0.0 /Laundry/index.php/Index/login
INFO: [ app_begin ] --START--
INFO: ReadHtmlCache Behavior ::run [ RunTime:0.002330s ]
INFO: [ app_begin ] --END-- [ RunTime:0.002404s ]
NOTIC: [8] A session had already been started - ignoring session_start() D:\xampps\htdocs\Laundry\MISP\Lib\Action\IndexAction.class.php 第 18 行.

[ 2014-12-27T16:13:39+08:00 ] ERR: the url is /Laundry/index.php/Index/login
[ 2014-12-27T16:13:39+08:00 ] ERR: request is {"type":"WEB","obj":{"user_name":"","password":""}}
[ 2014-12-27T16:13:39+08:00 ] INFO: OK
[ 2014-12-27T16:13:39+08:00 ] 0.0.0.0 /Laundry/index.php/Index/login
INFO: [ app_begin ] --START--
INFO: ReadHtmlCache Behavior ::run [ RunTime:0.001923s ]
INFO: [ app_begin ] --END-- [ RunTime:0.001979s ]
NOTIC: [8] A session had already been started - ignoring session_start() D:\xampps\htdocs\Laundry\MISP\Lib\Action\IndexAction.class.php 第 18 行.

[ 2014-12-27T16:14:12+08:00 ] ERR: the url is /Laundry/index.php/Index/login
[ 2014-12-27T16:14:12+08:00 ] ERR: request is {"type":"WEB","obj":{"user_name":"","password":""}}
[ 2014-12-27T16:14:12+08:00 ] INFO: OK
[ 2014-12-27T16:14:12+08:00 ] 0.0.0.0 /Laundry/index.php/Index/login
INFO: [ app_begin ] --START--
INFO: ReadHtmlCache Behavior ::run [ RunTime:0.002030s ]
INFO: [ app_begin ] --END-- [ RunTime:0.002089s ]
NOTIC: [8] A session had already been started - ignoring session_start() D:\xampps\htdocs\Laundry\MISP\Lib\Action\IndexAction.class.php 第 18 行.

[ 2014-12-27T16:18:14+08:00 ] ERR: the url is /Laundry/index.php/Index/login
[ 2014-12-27T16:18:14+08:00 ] ERR: request is {"type":"WEB","obj":{"user_name":"","password":""}}
[ 2014-12-27T16:18:14+08:00 ] INFO: OK
[ 2014-12-27T16:18:14+08:00 ] INFO: O22K
[ 2014-12-27T16:18:14+08:00 ] 0.0.0.0 /Laundry/index.php/Index/login
INFO: [ app_begin ] --START--
INFO: ReadHtmlCache Behavior ::run [ RunTime:0.001947s ]
INFO: [ app_begin ] --END-- [ RunTime:0.002003s ]
NOTIC: [8] A session had already been started - ignoring session_start() D:\xampps\htdocs\Laundry\MISP\Lib\Action\IndexAction.class.php 第 18 行.
SQL: SHOW COLUMNS FROM `misp_system_user` [ RunTime:0.003537s ]
SQL: SELECT COUNT(*) AS tp_count FROM `misp_system_user` WHERE ( `user_name` = '' ) LIMIT 1   [ RunTime:0.000630s ]

[ 2014-12-27T16:23:23+08:00 ] ERR: the url is /Laundry/index.php/Index/login
[ 2014-12-27T16:23:23+08:00 ] ERR: request is {"type":"WEB","obj":{"user_name":"","password":""}}
[ 2014-12-27T16:23:23+08:00 ] INFO: OK
[ 2014-12-27T16:23:23+08:00 ] INFO: O22K
[ 2014-12-27T16:23:23+08:00 ] ERR: the url is /Laundry/index.php/Index/login
[ 2014-12-27T16:23:23+08:00 ] ERR: response is {"errorCode":9,"errorMsg":[]}
[ 2014-12-27T16:23:23+08:00 ] 0.0.0.0 /Laundry/index.php/Index/login
INFO: [ app_begin ] --START--
INFO: ReadHtmlCache Behavior ::run [ RunTime:0.001947s ]
INFO: [ app_begin ] --END-- [ RunTime:0.002003s ]
NOTIC: [8] A session had already been started - ignoring session_start() D:\xampps\htdocs\Laundry\MISP\Lib\Action\IndexAction.class.php 第 18 行.
SQL: SHOW COLUMNS FROM `misp_system_user` [ RunTime:0.001540s ]
SQL: SELECT COUNT(*) AS tp_count FROM `misp_system_user` WHERE ( `user_name` = '' ) LIMIT 1   [ RunTime:0.000219s ]
NOTIC: [8] Undefined variable: errorCode D:\xampps\htdocs\Laundry\MISP\Lib\Action\BaseAction.class.php 第 89 行.

[ 2014-12-27T16:24:26+08:00 ] ERR: the url is /Laundry/index.php/Index/login
[ 2014-12-27T16:24:26+08:00 ] ERR: request is {"type":"WEB","obj":{"user_name":"","password":""}}
[ 2014-12-27T16:24:26+08:00 ] INFO: OK
[ 2014-12-27T16:24:26+08:00 ] INFO: O22K
[ 2014-12-27T16:24:26+08:00 ] ERR: the url is /Laundry/index.php/Index/login
[ 2014-12-27T16:24:26+08:00 ] ERR: response is {"errorCode":9,"errorMsg":9}
[ 2014-12-27T16:24:26+08:00 ] 0.0.0.0 /Laundry/index.php/Index/login
INFO: [ app_begin ] --START--
INFO: ReadHtmlCache Behavior ::run [ RunTime:0.002401s ]
INFO: [ app_begin ] --END-- [ RunTime:0.002492s ]
NOTIC: [8] A session had already been started - ignoring session_start() D:\xampps\htdocs\Laundry\MISP\Lib\Action\IndexAction.class.php 第 18 行.
SQL: SHOW COLUMNS FROM `misp_system_user` [ RunTime:0.001868s ]
SQL: SELECT COUNT(*) AS tp_count FROM `misp_system_user` WHERE ( `user_name` = '' ) LIMIT 1   [ RunTime:0.000701s ]

[ 2014-12-27T16:29:26+08:00 ] ERR: the url is /Laundry/index.php/Index/login
[ 2014-12-27T16:29:26+08:00 ] ERR: request is {"type":"WEB","obj":{"user_name":"admin","password":"1234"}}
[ 2014-12-27T16:29:26+08:00 ] INFO: OK
[ 2014-12-27T16:29:26+08:00 ] INFO: O22K
[ 2014-12-27T16:29:26+08:00 ] ERR: the url is /Laundry/index.php/Index/login
[ 2014-12-27T16:29:26+08:00 ] ERR: response is {"errorCode":9,"errorMsg":9}
[ 2014-12-27T16:29:26+08:00 ] 0.0.0.0 /Laundry/index.php/Index/login
INFO: [ app_begin ] --START--
INFO: ReadHtmlCache Behavior ::run [ RunTime:0.002048s ]
INFO: [ app_begin ] --END-- [ RunTime:0.002105s ]
NOTIC: [8] A session had already been started - ignoring session_start() D:\xampps\htdocs\Laundry\MISP\Lib\Action\IndexAction.class.php 第 17 行.
SQL: SHOW COLUMNS FROM `misp_system_user` [ RunTime:0.001493s ]
SQL: SELECT COUNT(*) AS tp_count FROM `misp_system_user` WHERE ( `user_name` = 'admin' ) LIMIT 1   [ RunTime:0.000427s ]
SQL: SELECT `password` FROM `misp_system_user` WHERE ( `user_name` = 'admin' ) LIMIT 1   [ RunTime:0.000356s ]

[ 2014-12-27T16:31:08+08:00 ] ERR: the url is /Laundry/index.php/Index/login
[ 2014-12-27T16:31:08+08:00 ] ERR: request is {"type":"WEB","obj":{"user_name":"admin","password":"1234"}}
[ 2014-12-27T16:31:08+08:00 ] INFO: OK
[ 2014-12-27T16:31:08+08:00 ] INFO: 1
[ 2014-12-27T16:31:08+08:00 ] INFO: 1234
[ 2014-12-27T16:31:08+08:00 ] ERR: the url is /Laundry/index.php/Index/login
[ 2014-12-27T16:31:08+08:00 ] ERR: response is {"errorCode":9,"errorMsg":9}
[ 2014-12-27T16:31:08+08:00 ] 0.0.0.0 /Laundry/index.php/Index/login
INFO: [ app_begin ] --START--
INFO: ReadHtmlCache Behavior ::run [ RunTime:0.001943s ]
INFO: [ app_begin ] --END-- [ RunTime:0.001999s ]
NOTIC: [8] A session had already been started - ignoring session_start() D:\xampps\htdocs\Laundry\MISP\Lib\Action\IndexAction.class.php 第 17 行.
SQL: SHOW COLUMNS FROM `misp_system_user` [ RunTime:0.001925s ]
SQL: SELECT COUNT(*) AS tp_count FROM `misp_system_user` WHERE ( `user_name` = 'admin' ) LIMIT 1   [ RunTime:0.000474s ]
SQL: SELECT `password` FROM `misp_system_user` WHERE ( `user_name` = 'admin' ) LIMIT 1   [ RunTime:0.000406s ]

[ 2014-12-27T16:37:55+08:00 ] ERR: the url is /Laundry/index.php/Index/login
[ 2014-12-27T16:37:55+08:00 ] ERR: request is {"type":"WEB","obj":{"user_name":"admin","password":"1234"}}
[ 2014-12-27T16:37:55+08:00 ] INFO: OK
[ 2014-12-27T16:37:55+08:00 ] INFO: 1
[ 2014-12-27T16:37:55+08:00 ] INFO: 1234
[ 2014-12-27T16:37:55+08:00 ] ERR: the url is /Laundry/index.php/Index/login
[ 2014-12-27T16:37:55+08:00 ] ERR: response is {"errorCode":9,"errorMsg":9}
[ 2014-12-27T16:37:55+08:00 ] 0.0.0.0 /Laundry/index.php/Index/login
INFO: [ app_begin ] --START--
INFO: ReadHtmlCache Behavior ::run [ RunTime:0.001967s ]
INFO: [ app_begin ] --END-- [ RunTime:0.002024s ]
NOTIC: [8] A session had already been started - ignoring session_start() D:\xampps\htdocs\Laundry\MISP\Lib\Action\IndexAction.class.php 第 17 行.
SQL: SHOW COLUMNS FROM `misp_system_user` [ RunTime:0.001562s ]
SQL: SELECT COUNT(*) AS tp_count FROM `misp_system_user` WHERE ( `user_name` = 'admin' ) LIMIT 1   [ RunTime:0.000293s ]
SQL: SELECT `password` FROM `misp_system_user` WHERE ( `user_name` = 'admin' ) LIMIT 1   [ RunTime:0.000264s ]

[ 2014-12-27T16:38:22+08:00 ] ERR: the url is /Laundry/index.php/Index/login
[ 2014-12-27T16:38:22+08:00 ] ERR: request is {"type":"WEB","obj":{"user_name":"admin","password":"1234"}}
[ 2014-12-27T16:38:22+08:00 ] INFO: OK
[ 2014-12-27T16:38:22+08:00 ] INFO: 1
[ 2014-12-27T16:38:22+08:00 ] INFO: 1234
[ 2014-12-27T16:38:22+08:00 ] INFO: 0
[ 2014-12-27T16:38:22+08:00 ] ERR: the url is /Laundry/index.php/Index/login
[ 2014-12-27T16:38:22+08:00 ] ERR: response is {"errorCode":0,"errorMsg":0}
[ 2014-12-27T16:38:22+08:00 ] 0.0.0.0 /Laundry/index.php/Index/login
INFO: [ app_begin ] --START--
INFO: ReadHtmlCache Behavior ::run [ RunTime:0.002057s ]
INFO: [ app_begin ] --END-- [ RunTime:0.002114s ]
NOTIC: [8] A session had already been started - ignoring session_start() D:\xampps\htdocs\Laundry\MISP\Lib\Action\IndexAction.class.php 第 17 行.
SQL: SHOW COLUMNS FROM `misp_system_user` [ RunTime:0.001738s ]
SQL: SELECT COUNT(*) AS tp_count FROM `misp_system_user` WHERE ( `user_name` = 'admin' ) LIMIT 1   [ RunTime:0.000391s ]
SQL: SELECT `password` FROM `misp_system_user` WHERE ( `user_name` = 'admin' ) LIMIT 1   [ RunTime:0.000400s ]

[ 2014-12-27T16:42:33+08:00 ] ERR: the url is /Laundry/index.php/Index/login
[ 2014-12-27T16:42:33+08:00 ] ERR: request is {"type":"WEB","obj":{"user_name":"admin","password":"1234"}}
[ 2014-12-27T16:42:33+08:00 ] INFO: OK
[ 2014-12-27T16:42:33+08:00 ] INFO: 1
[ 2014-12-27T16:42:33+08:00 ] INFO: 1234
[ 2014-12-27T16:42:33+08:00 ] INFO: login success, the user name is admin
[ 2014-12-27T16:42:33+08:00 ] ERR: the url is /Laundry/index.php/Index/login
[ 2014-12-27T16:42:33+08:00 ] ERR: response is {"errorCode":0,"errorMsg":0}
[ 2014-12-27T16:42:33+08:00 ] 0.0.0.0 /Laundry/index.php/Index/login
INFO: [ app_begin ] --START--
INFO: ReadHtmlCache Behavior ::run [ RunTime:0.002038s ]
INFO: [ app_begin ] --END-- [ RunTime:0.002107s ]
NOTIC: [8] A session had already been started - ignoring session_start() D:\xampps\htdocs\Laundry\MISP\Lib\Action\IndexAction.class.php 第 17 行.
SQL: SHOW COLUMNS FROM `misp_system_user` [ RunTime:0.002410s ]
SQL: SELECT COUNT(*) AS tp_count FROM `misp_system_user` WHERE ( `user_name` = 'admin' ) LIMIT 1   [ RunTime:0.001047s ]
SQL: SELECT `password` FROM `misp_system_user` WHERE ( `user_name` = 'admin' ) LIMIT 1   [ RunTime:0.000342s ]

[ 2014-12-27T16:46:18+08:00 ] ERR: the url is /Laundry/index.php/Index/login
[ 2014-12-27T16:46:18+08:00 ] ERR: request is {"type":"WEB","obj":{"user_name":"admin","password":"1234"}}
[ 2014-12-27T16:46:19+08:00 ] INFO: login success, the user name is admin
[ 2014-12-27T16:46:19+08:00 ] ERR: the url is /Laundry/index.php/Index/login
[ 2014-12-27T16:46:19+08:00 ] ERR: response is {"errorCode":0,"errorMsg":0}
[ 2014-12-27T16:46:19+08:00 ] 0.0.0.0 /Laundry/index.php/Index/login
INFO: [ app_begin ] --START--
INFO: ReadHtmlCache Behavior ::run [ RunTime:0.001986s ]
INFO: [ app_begin ] --END-- [ RunTime:0.002045s ]
NOTIC: [8] A session had already been started - ignoring session_start() D:\xampps\htdocs\Laundry\MISP\Lib\Action\IndexAction.class.php 第 17 行.
SQL: SHOW COLUMNS FROM `misp_system_user` [ RunTime:0.001911s ]
SQL: SELECT COUNT(*) AS tp_count FROM `misp_system_user` WHERE ( `user_name` = 'admin' ) LIMIT 1   [ RunTime:0.000739s ]
SQL: SELECT `password` FROM `misp_system_user` WHERE ( `user_name` = 'admin' ) LIMIT 1   [ RunTime:0.000335s ]

[ 2014-12-27T16:46:27+08:00 ] ERR: the url is /Laundry/index.php/Index/login
[ 2014-12-27T16:46:27+08:00 ] ERR: request is {"type":"WEB","obj":{"user_name":"admin","password":"1234"}}
[ 2014-12-27T16:46:27+08:00 ] INFO: login success, the user name is admin
[ 2014-12-27T16:46:27+08:00 ] ERR: the url is /Laundry/index.php/Index/login
[ 2014-12-27T16:46:27+08:00 ] ERR: response is {"errorCode":0,"errorMsg":0}
[ 2014-12-27T16:46:27+08:00 ] 0.0.0.0 /Laundry/index.php/Index/login
INFO: [ app_begin ] --START--
INFO: ReadHtmlCache Behavior ::run [ RunTime:0.001962s ]
INFO: [ app_begin ] --END-- [ RunTime:0.002021s ]
NOTIC: [8] A session had already been started - ignoring session_start() D:\xampps\htdocs\Laundry\MISP\Lib\Action\IndexAction.class.php 第 17 行.
SQL: SHOW COLUMNS FROM `misp_system_user` [ RunTime:0.001779s ]
SQL: SELECT COUNT(*) AS tp_count FROM `misp_system_user` WHERE ( `user_name` = 'admin' ) LIMIT 1   [ RunTime:0.000481s ]
SQL: SELECT `password` FROM `misp_system_user` WHERE ( `user_name` = 'admin' ) LIMIT 1   [ RunTime:0.000479s ]

[ 2014-12-27T16:46:57+08:00 ] ERR: the url is /Laundry/index.php/Index/login
[ 2014-12-27T16:46:57+08:00 ] ERR: request is {"type":"WEB","obj":{"user_name":"admin","password":"1234"}}
[ 2014-12-27T16:46:57+08:00 ] INFO: login success, the user name is admin
[ 2014-12-27T16:46:57+08:00 ] ERR: the url is /Laundry/index.php/Index/login
[ 2014-12-27T16:46:57+08:00 ] ERR: response is {"errorCode":0,"errorMsg":0}
[ 2014-12-27T16:46:57+08:00 ] 0.0.0.0 /Laundry/index.php/Index/login
INFO: [ app_begin ] --START--
INFO: ReadHtmlCache Behavior ::run [ RunTime:0.002004s ]
INFO: [ app_begin ] --END-- [ RunTime:0.002066s ]
NOTIC: [8] A session had already been started - ignoring session_start() D:\xampps\htdocs\Laundry\MISP\Lib\Action\IndexAction.class.php 第 17 行.
SQL: SHOW COLUMNS FROM `misp_system_user` [ RunTime:0.002073s ]
SQL: SELECT COUNT(*) AS tp_count FROM `misp_system_user` WHERE ( `user_name` = 'admin' ) LIMIT 1   [ RunTime:0.000992s ]
SQL: SELECT `password` FROM `misp_system_user` WHERE ( `user_name` = 'admin' ) LIMIT 1   [ RunTime:0.000707s ]

[ 2014-12-27T16:48:32+08:00 ] ERR: the url is /Laundry/index.php/Index/login
[ 2014-12-27T16:48:32+08:00 ] ERR: request is {"type":"WEB","obj":{"user_name":"admin","password":"1234"}}
[ 2014-12-27T16:48:32+08:00 ] INFO: login success, the user name is admin
[ 2014-12-27T16:48:32+08:00 ] ERR: the url is /Laundry/index.php/Index/login
[ 2014-12-27T16:48:32+08:00 ] ERR: response is {"errorCode":0,"errorMsg":0}
[ 2014-12-27T16:48:32+08:00 ] 0.0.0.0 /Laundry/index.php/Index/login
INFO: [ app_begin ] --START--
INFO: ReadHtmlCache Behavior ::run [ RunTime:0.002014s ]
INFO: [ app_begin ] --END-- [ RunTime:0.002093s ]
NOTIC: [8] A session had already been started - ignoring session_start() D:\xampps\htdocs\Laundry\MISP\Lib\Action\IndexAction.class.php 第 17 行.
SQL: SHOW COLUMNS FROM `misp_system_user` [ RunTime:0.001861s ]
SQL: SELECT COUNT(*) AS tp_count FROM `misp_system_user` WHERE ( `user_name` = 'admin' ) LIMIT 1   [ RunTime:0.000567s ]
SQL: SELECT `password` FROM `misp_system_user` WHERE ( `user_name` = 'admin' ) LIMIT 1   [ RunTime:0.000266s ]

[ 2014-12-27T16:49:16+08:00 ] ERR: the url is /Laundry/index.php/Index/login
[ 2014-12-27T16:49:16+08:00 ] ERR: request is {"type":"WEB","obj":{"user_name":"admin","password":"1234"}}
[ 2014-12-27T16:49:16+08:00 ] INFO: login success, the user name is admin
[ 2014-12-27T16:49:16+08:00 ] ERR: the url is /Laundry/index.php/Index/login
[ 2014-12-27T16:49:16+08:00 ] ERR: response is {"errorCode":0,"errorMsg":0}
[ 2014-12-27T16:49:16+08:00 ] 0.0.0.0 /Laundry/index.php/Index/login
INFO: [ app_begin ] --START--
INFO: ReadHtmlCache Behavior ::run [ RunTime:0.001957s ]
INFO: [ app_begin ] --END-- [ RunTime:0.002013s ]
NOTIC: [8] A session had already been started - ignoring session_start() D:\xampps\htdocs\Laundry\MISP\Lib\Action\IndexAction.class.php 第 17 行.
SQL: SHOW COLUMNS FROM `misp_system_user` [ RunTime:0.001864s ]
SQL: SELECT COUNT(*) AS tp_count FROM `misp_system_user` WHERE ( `user_name` = 'admin' ) LIMIT 1   [ RunTime:0.000470s ]
SQL: SELECT `password` FROM `misp_system_user` WHERE ( `user_name` = 'admin' ) LIMIT 1   [ RunTime:0.000465s ]

[ 2014-12-27T16:50:08+08:00 ] ERR: the url is /Laundry/index.php/Index/login
[ 2014-12-27T16:50:08+08:00 ] ERR: request is {"type":"WEB","obj":{"user_name":"admin","password":"1234"}}
[ 2014-12-27T16:50:08+08:00 ] INFO: login success, the user name is admin
[ 2014-12-27T16:50:08+08:00 ] ERR: the url is /Laundry/index.php/Index/login
[ 2014-12-27T16:50:08+08:00 ] ERR: response is {"errorCode":0,"errorMsg":0}
[ 2014-12-27T16:50:08+08:00 ] 0.0.0.0 /Laundry/index.php/Index/login
INFO: [ app_begin ] --START--
INFO: ReadHtmlCache Behavior ::run [ RunTime:0.001960s ]
INFO: [ app_begin ] --END-- [ RunTime:0.002018s ]
NOTIC: [8] A session had already been started - ignoring session_start() D:\xampps\htdocs\Laundry\MISP\Lib\Action\IndexAction.class.php 第 17 行.
SQL: SHOW COLUMNS FROM `misp_system_user` [ RunTime:0.001535s ]
SQL: SELECT COUNT(*) AS tp_count FROM `misp_system_user` WHERE ( `user_name` = 'admin' ) LIMIT 1   [ RunTime:0.000519s ]
SQL: SELECT `password` FROM `misp_system_user` WHERE ( `user_name` = 'admin' ) LIMIT 1   [ RunTime:0.000274s ]

[ 2014-12-27T16:50:56+08:00 ] 0.0.0.0 /Laundry/index.php/index
ERR: 无法加载模块:index

[ 2014-12-27T16:51:24+08:00 ] ERR: the url is /Laundry/index.php/Index/login
[ 2014-12-27T16:51:24+08:00 ] ERR: request is 
[ 2014-12-27T16:51:24+08:00 ] ERR: login failed, the user is not exsit. user name is 
[ 2014-12-27T16:51:24+08:00 ] ERR: the url is /Laundry/index.php/Index/login
[ 2014-12-27T16:51:24+08:00 ] ERR: response is {"errorCode":9,"errorMsg":9}
[ 2014-12-27T16:51:43+08:00 ] ERR: the url is /Laundry/index.php/Index/login
[ 2014-12-27T16:51:43+08:00 ] ERR: request is 
[ 2014-12-27T16:51:43+08:00 ] ERR: login failed, the user is not exsit. user name is 
[ 2014-12-27T16:51:43+08:00 ] ERR: the url is /Laundry/index.php/Index/login
[ 2014-12-27T16:51:43+08:00 ] ERR: response is {"errorCode":9,"errorMsg":9}
[ 2014-12-27T16:51:50+08:00 ] ERR: the url is /Laundry/index.php/Index/login
[ 2014-12-27T16:51:50+08:00 ] ERR: request is 
[ 2014-12-27T16:51:50+08:00 ] ERR: login failed, the user is not exsit. user name is 
[ 2014-12-27T16:51:50+08:00 ] ERR: the url is /Laundry/index.php/Index/login
[ 2014-12-27T16:51:50+08:00 ] ERR: response is {"errorCode":9,"errorMsg":9}
[ 2014-12-27T16:54:23+08:00 ] ERR: the url is /Laundry/index.php/Index/login
[ 2014-12-27T16:54:23+08:00 ] ERR: request is {"type":"WEB","obj":{"user_name":"admin","password":"1234"}}
[ 2014-12-27T16:54:23+08:00 ] INFO: login success, the user name is admin
[ 2014-12-27T16:54:23+08:00 ] ERR: the url is /Laundry/index.php/Index/login
[ 2014-12-27T16:54:23+08:00 ] ERR: response is {"errorCode":0,"errorMsg":0}
[ 2014-12-27T16:54:23+08:00 ] 0.0.0.0 /Laundry/index.php/Index/login
INFO: [ app_begin ] --START--
INFO: ReadHtmlCache Behavior ::run [ RunTime:0.001959s ]
INFO: [ app_begin ] --END-- [ RunTime:0.002018s ]
NOTIC: [8] A session had already been started - ignoring session_start() D:\xampps\htdocs\Laundry\MISP\Lib\Action\IndexAction.class.php 第 17 行.
SQL: SHOW COLUMNS FROM `misp_system_user` [ RunTime:0.002111s ]
SQL: SELECT COUNT(*) AS tp_count FROM `misp_system_user` WHERE ( `user_name` = 'admin' ) LIMIT 1   [ RunTime:0.001009s ]
SQL: SELECT `password` FROM `misp_system_user` WHERE ( `user_name` = 'admin' ) LIMIT 1   [ RunTime:0.000565s ]

[ 2014-12-27T17:09:29+08:00 ] ERR: the url is /Laundry/index.php/Index/login
[ 2014-12-27T17:09:29+08:00 ] ERR: request is {"type":"WEB","obj":{"user_name":"admin","password":"1234"}}
[ 2014-12-27T17:09:29+08:00 ] INFO: login success, the user name is admin
[ 2014-12-27T17:09:29+08:00 ] ERR: the url is /Laundry/index.php/Index/login
[ 2014-12-27T17:09:29+08:00 ] ERR: response is {"errorCode":0,"errorMsg":0}
[ 2014-12-27T17:09:29+08:00 ] 0.0.0.0 /Laundry/index.php/Index/login
INFO: [ app_begin ] --START--
INFO: ReadHtmlCache Behavior ::run [ RunTime:0.002003s ]
INFO: [ app_begin ] --END-- [ RunTime:0.002063s ]
NOTIC: [8] A session had already been started - ignoring session_start() D:\xampps\htdocs\Laundry\MISP\Lib\Action\IndexAction.class.php 第 17 行.
SQL: SHOW COLUMNS FROM `misp_system_user` [ RunTime:0.001500s ]
SQL: SELECT COUNT(*) AS tp_count FROM `misp_system_user` WHERE ( `user_name` = 'admin' ) LIMIT 1   [ RunTime:0.000476s ]
SQL: SELECT `password` FROM `misp_system_user` WHERE ( `user_name` = 'admin' ) LIMIT 1   [ RunTime:0.000467s ]

[ 2014-12-27T17:12:06+08:00 ] ERR: the url is /Laundry/index.php/Index/login
[ 2014-12-27T17:12:06+08:00 ] ERR: request is {"type":"WEB","obj":{"user_name":"admin","password":"1234"}}
[ 2014-12-27T17:12:06+08:00 ] INFO: login success, the user name is admin
[ 2014-12-27T17:12:06+08:00 ] ERR: the url is /Laundry/index.php/Index/login
[ 2014-12-27T17:12:06+08:00 ] ERR: response is {"errorCode":0,"errorMsg":0}
[ 2014-12-27T17:12:07+08:00 ] 0.0.0.0 /Laundry/index.php/Index/login
INFO: [ app_begin ] --START--
INFO: ReadHtmlCache Behavior ::run [ RunTime:0.002066s ]
INFO: [ app_begin ] --END-- [ RunTime:0.002128s ]
NOTIC: [8] A session had already been started - ignoring session_start() D:\xampps\htdocs\Laundry\MISP\Lib\Action\IndexAction.class.php 第 17 行.
SQL: SHOW COLUMNS FROM `misp_system_user` [ RunTime:0.002108s ]
SQL: SELECT COUNT(*) AS tp_count FROM `misp_system_user` WHERE ( `user_name` = 'admin' ) LIMIT 1   [ RunTime:0.000985s ]
SQL: SELECT `password` FROM `misp_system_user` WHERE ( `user_name` = 'admin' ) LIMIT 1   [ RunTime:0.000772s ]

[ 2014-12-27T17:12:07+08:00 ] 0.0.0.0 /Laundry/index.php/Index/tree_data1.json
INFO: [ app_begin ] --START--
INFO: ReadHtmlCache Behavior ::run [ RunTime:0.002073s ]
INFO: [ app_begin ] --END-- [ RunTime:0.002143s ]
ERR: 非法操作:tree_data1.json

[ 2014-12-27T17:12:07+08:00 ] 0.0.0.0 /Laundry/index.php/Index/tree_data1.json
INFO: [ app_begin ] --START--
INFO: ReadHtmlCache Behavior ::run [ RunTime:0.002323s ]
INFO: [ app_begin ] --END-- [ RunTime:0.002410s ]
ERR: 非法操作:tree_data1.json

[ 2014-12-27T17:14:55+08:00 ] 0.0.0.0 /Laundry/index.php/Index/tree_data1.json
INFO: [ app_begin ] --START--
INFO: ReadHtmlCache Behavior ::run [ RunTime:0.002116s ]
INFO: [ app_begin ] --END-- [ RunTime:0.002186s ]
ERR: 非法操作:tree_data1.json

[ 2014-12-27T17:14:55+08:00 ] 0.0.0.0 /Laundry/index.php/Index/tree_data1.json
INFO: [ app_begin ] --START--
INFO: ReadHtmlCache Behavior ::run [ RunTime:0.002230s ]
INFO: [ app_begin ] --END-- [ RunTime:0.002295s ]
ERR: 非法操作:tree_data1.json

[ 2014-12-27T17:18:32+08:00 ] ERR: the url is /Laundry/index.php/Index/login
[ 2014-12-27T17:18:32+08:00 ] ERR: request is {"type":"WEB","obj":{"user_name":"admin","password":"1234"}}
[ 2014-12-27T17:18:32+08:00 ] INFO: login success, the user name is admin
[ 2014-12-27T17:18:32+08:00 ] ERR: the url is /Laundry/index.php/Index/login
[ 2014-12-27T17:18:32+08:00 ] ERR: response is {"errorCode":0,"errorMsg":0}
[ 2014-12-27T17:18:32+08:00 ] 0.0.0.0 /Laundry/index.php/Index/login
INFO: [ app_begin ] --START--
INFO: ReadHtmlCache Behavior ::run [ RunTime:0.001974s ]
INFO: [ app_begin ] --END-- [ RunTime:0.002031s ]
NOTIC: [8] A session had already been started - ignoring session_start() D:\xampps\htdocs\Laundry\MISP\Lib\Action\IndexAction.class.php 第 16 行.
SQL: SHOW COLUMNS FROM `misp_system_user` [ RunTime:0.001747s ]
SQL: SELECT COUNT(*) AS tp_count FROM `misp_system_user` WHERE ( `user_name` = 'admin' ) LIMIT 1   [ RunTime:0.000604s ]
SQL: SELECT `password` FROM `misp_system_user` WHERE ( `user_name` = 'admin' ) LIMIT 1   [ RunTime:0.000418s ]

[ 2014-12-27T17:18:32+08:00 ] 0.0.0.0 /Laundry/index.php/Index/tree_data1.json
INFO: [ app_begin ] --START--
INFO: ReadHtmlCache Behavior ::run [ RunTime:0.002646s ]
INFO: [ app_begin ] --END-- [ RunTime:0.002735s ]
ERR: 非法操作:tree_data1.json

[ 2014-12-27T17:18:32+08:00 ] 0.0.0.0 /Laundry/index.php/Index/tree_data1.json
INFO: [ app_begin ] --START--
INFO: ReadHtmlCache Behavior ::run [ RunTime:0.003275s ]
INFO: [ app_begin ] --END-- [ RunTime:0.003406s ]
ERR: 非法操作:tree_data1.json

[ 2014-12-27T17:21:37+08:00 ] 0.0.0.0 /Laundry/index.php/Index/tree_data1.json
INFO: [ app_begin ] --START--
INFO: ReadHtmlCache Behavior ::run [ RunTime:0.003046s ]
INFO: [ app_begin ] --END-- [ RunTime:0.003193s ]
ERR: 非法操作:tree_data1.json

[ 2014-12-27T17:21:37+08:00 ] 0.0.0.0 /Laundry/index.php/Index/tree_data1.json
INFO: [ app_begin ] --START--
INFO: ReadHtmlCache Behavior ::run [ RunTime:0.002848s ]
INFO: [ app_begin ] --END-- [ RunTime:0.002919s ]
ERR: 非法操作:tree_data1.json

[ 2014-12-27T17:22:53+08:00 ] 0.0.0.0 /Laundry/index.php/Index/tree_data1.json
INFO: [ app_begin ] --START--
INFO: ReadHtmlCache Behavior ::run [ RunTime:0.002159s ]
INFO: [ app_begin ] --END-- [ RunTime:0.002242s ]
ERR: 非法操作:tree_data1.json

[ 2014-12-27T17:22:58+08:00 ] ERR: the url is /Laundry/index.php/Index/login
[ 2014-12-27T17:22:58+08:00 ] ERR: request is {"type":"WEB","obj":{"user_name":"admin","password":"1234"}}
[ 2014-12-27T17:22:58+08:00 ] INFO: login success, the user name is admin
[ 2014-12-27T17:22:58+08:00 ] ERR: the url is /Laundry/index.php/Index/login
[ 2014-12-27T17:22:58+08:00 ] ERR: response is {"errorCode":0,"errorMsg":0}
[ 2014-12-27T17:22:58+08:00 ] 0.0.0.0 /Laundry/index.php/Index/login
INFO: [ app_begin ] --START--
INFO: ReadHtmlCache Behavior ::run [ RunTime:0.001988s ]
INFO: [ app_begin ] --END-- [ RunTime:0.002049s ]
NOTIC: [8] A session had already been started - ignoring session_start() D:\xampps\htdocs\Laundry\MISP\Lib\Action\IndexAction.class.php 第 16 行.
SQL: SHOW COLUMNS FROM `misp_system_user` [ RunTime:0.001946s ]
SQL: SELECT COUNT(*) AS tp_count FROM `misp_system_user` WHERE ( `user_name` = 'admin' ) LIMIT 1   [ RunTime:0.000647s ]
SQL: SELECT `password` FROM `misp_system_user` WHERE ( `user_name` = 'admin' ) LIMIT 1   [ RunTime:0.000330s ]

[ 2014-12-27T17:22:58+08:00 ] 0.0.0.0 /Laundry/index.php/Index/tree_data1.json
INFO: [ app_begin ] --START--
INFO: ReadHtmlCache Behavior ::run [ RunTime:0.002717s ]
INFO: [ app_begin ] --END-- [ RunTime:0.002805s ]
ERR: 非法操作:tree_data1.json

[ 2014-12-27T17:22:58+08:00 ] 0.0.0.0 /Laundry/index.php/Index/tree_data1.json
INFO: [ app_begin ] --START--
INFO: ReadHtmlCache Behavior ::run [ RunTime:0.001955s ]
INFO: [ app_begin ] --END-- [ RunTime:0.002014s ]
ERR: 非法操作:tree_data1.json

[ 2014-12-27T17:23:13+08:00 ] ERR: the url is /Laundry/index.php/Index/login
[ 2014-12-27T17:23:13+08:00 ] ERR: request is {"type":"WEB","obj":{"user_name":"admin","password":"1234"}}
[ 2014-12-27T17:23:13+08:00 ] INFO: login success, the user name is admin
[ 2014-12-27T17:23:13+08:00 ] ERR: the url is /Laundry/index.php/Index/login
[ 2014-12-27T17:23:13+08:00 ] ERR: response is {"errorCode":0,"errorMsg":0}
[ 2014-12-27T17:23:13+08:00 ] 0.0.0.0 /Laundry/index.php/Index/login
INFO: [ app_begin ] --START--
INFO: ReadHtmlCache Behavior ::run [ RunTime:0.001950s ]
INFO: [ app_begin ] --END-- [ RunTime:0.002005s ]
NOTIC: [8] A session had already been started - ignoring session_start() D:\xampps\htdocs\Laundry\MISP\Lib\Action\IndexAction.class.php 第 16 行.
SQL: SHOW COLUMNS FROM `misp_system_user` [ RunTime:0.001336s ]
SQL: SELECT COUNT(*) AS tp_count FROM `misp_system_user` WHERE ( `user_name` = 'admin' ) LIMIT 1   [ RunTime:0.000411s ]
SQL: SELECT `password` FROM `misp_system_user` WHERE ( `user_name` = 'admin' ) LIMIT 1   [ RunTime:0.000140s ]

[ 2014-12-27T17:23:13+08:00 ] 0.0.0.0 /Laundry/index.php/Index/tree_data1.json
INFO: [ app_begin ] --START--
INFO: ReadHtmlCache Behavior ::run [ RunTime:0.002278s ]
INFO: [ app_begin ] --END-- [ RunTime:0.002352s ]
ERR: 非法操作:tree_data1.json

[ 2014-12-27T17:23:13+08:00 ] 0.0.0.0 /Laundry/index.php/Index/tree_data1.json
INFO: [ app_begin ] --START--
INFO: ReadHtmlCache Behavior ::run [ RunTime:0.003102s ]
INFO: [ app_begin ] --END-- [ RunTime:0.003199s ]
ERR: 非法操作:tree_data1.json

[ 2014-12-27T18:06:21+08:00 ] 0.0.0.0 /Laundry/index.php/Index/tree_data1.json
INFO: [ app_begin ] --START--
INFO: ReadHtmlCache Behavior ::run [ RunTime:0.002025s ]
INFO: [ app_begin ] --END-- [ RunTime:0.002098s ]
ERR: 非法操作:tree_data1.json

[ 2014-12-27T18:06:21+08:00 ] 0.0.0.0 /Laundry/index.php/Index/tree_data1.json
INFO: [ app_begin ] --START--
INFO: ReadHtmlCache Behavior ::run [ RunTime:0.002012s ]
INFO: [ app_begin ] --END-- [ RunTime:0.002084s ]
ERR: 非法操作:tree_data1.json

[ 2014-12-27T18:09:21+08:00 ] 0.0.0.0 /Laundry/index.php/Index/tree_data1.json
INFO: [ app_begin ] --START--
INFO: ReadHtmlCache Behavior ::run [ RunTime:0.002001s ]
INFO: [ app_begin ] --END-- [ RunTime:0.002071s ]
ERR: 非法操作:tree_data1.json

[ 2014-12-27T18:09:21+08:00 ] 0.0.0.0 /Laundry/index.php/Index/tree_data1.json
INFO: [ app_begin ] --START--
INFO: ReadHtmlCache Behavior ::run [ RunTime:0.002003s ]
INFO: [ app_begin ] --END-- [ RunTime:0.002063s ]
ERR: 非法操作:tree_data1.json

[ 2014-12-27T18:12:28+08:00 ] 0.0.0.0 /Laundry/index.php/Index/tree_data1.json
INFO: [ app_begin ] --START--
INFO: ReadHtmlCache Behavior ::run [ RunTime:0.001976s ]
INFO: [ app_begin ] --END-- [ RunTime:0.002047s ]
ERR: 非法操作:tree_data1.json

[ 2014-12-27T18:12:28+08:00 ] 0.0.0.0 /Laundry/index.php/Index/tree_data1.json
INFO: [ app_begin ] --START--
INFO: ReadHtmlCache Behavior ::run [ RunTime:0.002093s ]
INFO: [ app_begin ] --END-- [ RunTime:0.002153s ]
ERR: 非法操作:tree_data1.json

[ 2014-12-27T18:13:10+08:00 ] 0.0.0.0 /Laundry/index.php/Index/tree_data1.json
INFO: [ app_begin ] --START--
INFO: ReadHtmlCache Behavior ::run [ RunTime:0.003921s ]
INFO: [ app_begin ] --END-- [ RunTime:0.004018s ]
ERR: 非法操作:tree_data1.json

[ 2014-12-27T18:13:10+08:00 ] 0.0.0.0 /Laundry/index.php/Index/tree_data1.json
INFO: [ app_begin ] --START--
INFO: ReadHtmlCache Behavior ::run [ RunTime:0.002473s ]
INFO: [ app_begin ] --END-- [ RunTime:0.002559s ]
ERR: 非法操作:tree_data1.json

[ 2014-12-27T18:13:30+08:00 ] 0.0.0.0 /Laundry/index.php/tree_data1.json
ERR: 无法加载模块:tree_data1.json

[ 2014-12-27T18:14:07+08:00 ] ERR: the url is /Laundry/index.php/Index/login
[ 2014-12-27T18:14:07+08:00 ] ERR: request is {"type":"WEB","obj":{"user_name":"admin","password":"1234"}}
[ 2014-12-27T18:14:07+08:00 ] INFO: login success, the user name is admin
[ 2014-12-27T18:14:07+08:00 ] ERR: the url is /Laundry/index.php/Index/login
[ 2014-12-27T18:14:07+08:00 ] ERR: response is {"errorCode":0,"errorMsg":0}
[ 2014-12-27T18:14:07+08:00 ] 0.0.0.0 /Laundry/index.php/Index/login
INFO: [ app_begin ] --START--
INFO: ReadHtmlCache Behavior ::run [ RunTime:0.002802s ]
INFO: [ app_begin ] --END-- [ RunTime:0.002884s ]
NOTIC: [8] A session had already been started - ignoring session_start() D:\xampps\htdocs\Laundry\MISP\Lib\Action\IndexAction.class.php 第 16 行.
SQL: SHOW COLUMNS FROM `misp_system_user` [ RunTime:0.001715s ]
SQL: SELECT COUNT(*) AS tp_count FROM `misp_system_user` WHERE ( `user_name` = 'admin' ) LIMIT 1   [ RunTime:0.000581s ]
SQL: SELECT `password` FROM `misp_system_user` WHERE ( `user_name` = 'admin' ) LIMIT 1   [ RunTime:0.000443s ]

[ 2014-12-27T18:14:07+08:00 ] 0.0.0.0 /Laundry/index.php/Index/tree_data1.json
INFO: [ app_begin ] --START--
INFO: ReadHtmlCache Behavior ::run [ RunTime:0.002138s ]
INFO: [ app_begin ] --END-- [ RunTime:0.002216s ]
ERR: 非法操作:tree_data1.json

[ 2014-12-27T18:14:07+08:00 ] 0.0.0.0 /Laundry/index.php/Index/tree_data1.json
INFO: [ app_begin ] --START--
INFO: ReadHtmlCache Behavior ::run [ RunTime:0.002261s ]
INFO: [ app_begin ] --END-- [ RunTime:0.002445s ]
ERR: 非法操作:tree_data1.json

[ 2014-12-27T18:14:48+08:00 ] 0.0.0.0 /Laundry/index.php/Index/tree_data1.json
INFO: [ app_begin ] --START--
INFO: ReadHtmlCache Behavior ::run [ RunTime:0.002077s ]
INFO: [ app_begin ] --END-- [ RunTime:0.002165s ]
ERR: 非法操作:tree_data1.json

[ 2014-12-27T18:14:48+08:00 ] 0.0.0.0 /Laundry/index.php/Index/tree_data1.json
INFO: [ app_begin ] --START--
INFO: ReadHtmlCache Behavior ::run [ RunTime:0.002177s ]
INFO: [ app_begin ] --END-- [ RunTime:0.002248s ]
ERR: 非法操作:tree_data1.json

[ 2014-12-27T18:16:52+08:00 ] ERR: the url is /Laundry/index.php/Index/login
[ 2014-12-27T18:16:52+08:00 ] ERR: request is {"type":"WEB","obj":{"user_name":"admin","password":"1234"}}
[ 2014-12-27T18:16:52+08:00 ] INFO: login success, the user name is admin
[ 2014-12-27T18:16:52+08:00 ] ERR: the url is /Laundry/index.php/Index/login
[ 2014-12-27T18:16:52+08:00 ] ERR: response is {"errorCode":0,"errorMsg":0}
[ 2014-12-27T18:16:52+08:00 ] 0.0.0.0 /Laundry/index.php/Index/login
INFO: [ app_begin ] --START--
INFO: ReadHtmlCache Behavior ::run [ RunTime:0.002020s ]
INFO: [ app_begin ] --END-- [ RunTime:0.002087s ]
NOTIC: [8] A session had already been started - ignoring session_start() D:\xampps\htdocs\Laundry\MISP\Lib\Action\IndexAction.class.php 第 16 行.
SQL: SHOW COLUMNS FROM `misp_system_user` [ RunTime:0.001679s ]
SQL: SELECT COUNT(*) AS tp_count FROM `misp_system_user` WHERE ( `user_name` = 'admin' ) LIMIT 1   [ RunTime:0.000327s ]
SQL: SELECT `password` FROM `misp_system_user` WHERE ( `user_name` = 'admin' ) LIMIT 1   [ RunTime:0.000299s ]

[ 2014-12-27T19:09:09+08:00 ] ERR: the url is /Laundry/index.php/Index/getMenuTree
[ 2014-12-27T19:09:09+08:00 ] ERR: response is {"obj":[{"id":null,"text":"\u7528\u6237\u7ba1\u7406","attributes":{"url":null}}],"errorCode":0,"errorMsg":0}
[ 2014-12-27T19:09:09+08:00 ] 0.0.0.0 /Laundry/index.php/Index/getMenuTree
INFO: [ app_begin ] --START--
INFO: ReadHtmlCache Behavior ::run [ RunTime:0.001973s ]
INFO: [ app_begin ] --END-- [ RunTime:0.002042s ]
SQL: SHOW COLUMNS FROM `misp_menu` [ RunTime:0.001894s ]
SQL: SELECT * FROM `misp_menu`  [ RunTime:0.001417s ]
NOTIC: [8] Undefined index:  id D:\xampps\htdocs\Laundry\MISP\Lib\Action\IndexAction.class.php 第 47 行.

[ 2014-12-27T19:09:09+08:00 ] ERR: the url is /Laundry/index.php/Index/getMenuTree
[ 2014-12-27T19:09:09+08:00 ] ERR: response is {"obj":[{"id":null,"text":"\u7528\u6237\u7ba1\u7406","attributes":{"url":null}}],"errorCode":0,"errorMsg":0}
[ 2014-12-27T19:09:09+08:00 ] 0.0.0.0 /Laundry/index.php/Index/getMenuTree
INFO: [ app_begin ] --START--
INFO: ReadHtmlCache Behavior ::run [ RunTime:0.002871s ]
INFO: [ app_begin ] --END-- [ RunTime:0.002967s ]
SQL: SHOW COLUMNS FROM `misp_menu` [ RunTime:0.001779s ]
SQL: SELECT * FROM `misp_menu`  [ RunTime:0.000667s ]
NOTIC: [8] Undefined index:  id D:\xampps\htdocs\Laundry\MISP\Lib\Action\IndexAction.class.php 第 47 行.

[ 2014-12-27T19:25:45+08:00 ] ERR: the url is /Laundry/index.php/Index/login
[ 2014-12-27T19:25:45+08:00 ] ERR: request is {"type":"WEB","obj":{"user_name":"admin","password":"1234"}}
[ 2014-12-27T19:25:45+08:00 ] INFO: login success, the user name is admin
[ 2014-12-27T19:25:45+08:00 ] ERR: the url is /Laundry/index.php/Index/login
[ 2014-12-27T19:25:45+08:00 ] ERR: response is {"errorCode":0,"errorMsg":0}
[ 2014-12-27T19:25:45+08:00 ] 0.0.0.0 /Laundry/index.php/Index/login
INFO: [ app_begin ] --START--
INFO: ReadHtmlCache Behavior ::run [ RunTime:0.001955s ]
INFO: [ app_begin ] --END-- [ RunTime:0.002023s ]
NOTIC: [8] A session had already been started - ignoring session_start() D:\xampps\htdocs\Laundry\MISP\Lib\Action\IndexAction.class.php 第 16 行.
SQL: SHOW COLUMNS FROM `misp_system_user` [ RunTime:0.001826s ]
SQL: SELECT COUNT(*) AS tp_count FROM `misp_system_user` WHERE ( `user_name` = 'admin' ) LIMIT 1   [ RunTime:0.000693s ]
SQL: SELECT `password` FROM `misp_system_user` WHERE ( `user_name` = 'admin' ) LIMIT 1   [ RunTime:0.000655s ]

[ 2014-12-27T19:29:34+08:00 ] ERR: the url is /Laundry/index.php/Index/login
[ 2014-12-27T19:29:34+08:00 ] ERR: request is {"type":"WEB","obj":{"user_name":"admin","password":"1234"}}
[ 2014-12-27T19:29:34+08:00 ] INFO: login success, the user name is admin
[ 2014-12-27T19:29:34+08:00 ] ERR: the url is /Laundry/index.php/Index/login
[ 2014-12-27T19:29:34+08:00 ] ERR: response is {"errorCode":0,"errorMsg":0}
[ 2014-12-27T19:29:34+08:00 ] 0.0.0.0 /Laundry/index.php/Index/login
INFO: [ app_begin ] --START--
INFO: ReadHtmlCache Behavior ::run [ RunTime:0.001986s ]
INFO: [ app_begin ] --END-- [ RunTime:0.002046s ]
NOTIC: [8] A session had already been started - ignoring session_start() D:\xampps\htdocs\Laundry\MISP\Lib\Action\IndexAction.class.php 第 16 行.
SQL: SHOW COLUMNS FROM `misp_system_user` [ RunTime:0.001865s ]
SQL: SELECT COUNT(*) AS tp_count FROM `misp_system_user` WHERE ( `user_name` = 'admin' ) LIMIT 1   [ RunTime:0.000477s ]
SQL: SELECT `password` FROM `misp_system_user` WHERE ( `user_name` = 'admin' ) LIMIT 1   [ RunTime:0.000365s ]

[ 2014-12-27T19:44:07+08:00 ] ERR: the url is /Laundry/index.php/Index/getMenuTree
[ 2014-12-27T19:44:07+08:00 ] ERR: response is {"obj":[{"id":null,"text":"\u7528\u6237\u7ba1\u7406","attributes":{"url":null}}],"errorCode":0,"errorMsg":0}
[ 2014-12-27T19:44:07+08:00 ] 0.0.0.0 /Laundry/index.php/Index/getMenuTree
INFO: [ app_begin ] --START--
INFO: ReadHtmlCache Behavior ::run [ RunTime:0.002169s ]
INFO: [ app_begin ] --END-- [ RunTime:0.002250s ]
SQL: SHOW COLUMNS FROM `misp_menu` [ RunTime:0.003150s ]
SQL: SELECT * FROM `misp_menu`  [ RunTime:0.001906s ]
NOTIC: [8] Undefined index:  id D:\xampps\htdocs\Laundry\MISP\Lib\Action\IndexAction.class.php 第 47 行.

